<?xml version="1.0" encoding="UTF-8"?>
<!-- Generated by org.testng.reporters.JUnitXMLReporter -->
<testsuite hostname="DESKTOP-FFTSIEL" ignored="0" name="Test" tests="1" failures="0" timestamp="2022-01-30T10:36:36 IST" time="9.591" errors="0">
  <testcase name="@AfterClass teardown" time="0.001" classname="demo.BaseClass">
    <failure type="java.lang.NullPointerException">
      <![CDATA[java.lang.NullPointerException
at Utility.BrowserFactory.quitBrowser(BrowserFactory.java:27)
at demo.BaseClass.teardown(BaseClass.java:19)
at java.util.ArrayList.forEach(Unknown Source)
... Removed 25 stack frames]]>
    </failure>
  </testcase> <!-- @AfterClass teardown -->
  <testcase name="tc" time="0.015" classname="demo.Demo"/>
</testsuite> <!-- Test -->
